<?xml version="1.0" encoding="UTF-8"?>
<coverage generated="1773782067633" clover="3.2.0">
  <project timestamp="1773782067633" name="All files">
    <metrics statements="84" coveredstatements="84" conditionals="42" coveredconditionals="42" methods="39" coveredmethods="39" elements="165" coveredelements="165" complexity="0" loc="84" ncloc="84" packages="1" files="2" classes="2"/>
    <file name="client.ts" path="/Users/yab/Projects/ml-sys/rs-tensor/sdk/typescript/src/client.ts">
      <metrics statements="83" coveredstatements="83" conditionals="42" coveredconditionals="42" methods="39" coveredmethods="39"/>
      <line num="42" count="6" type="stmt"/>
      <line num="45" count="6" type="stmt"/>
      <line num="46" count="6" type="stmt"/>
      <line num="52" count="42" type="stmt"/>
      <line num="54" count="42" type="stmt"/>
      <line num="59" count="41" type="cond" truecount="2" falsecount="0"/>
      <line num="60" count="41" type="stmt"/>
      <line num="92" count="45" type="stmt"/>
      <line num="93" count="45" type="stmt"/>
      <line num="94" count="46" type="cond" truecount="4" falsecount="0"/>
      <line num="95" count="44" type="stmt"/>
      <line num="98" count="45" type="stmt"/>
      <line num="103" count="41" type="stmt"/>
      <line num="105" count="41" type="stmt"/>
      <line num="108" count="41" type="stmt"/>
      <line num="109" count="41" type="cond" truecount="2" falsecount="0"/>
      <line num="110" count="41" type="cond" truecount="2" falsecount="0"/>
      <line num="116" count="7" type="cond" truecount="2" falsecount="0"/>
      <line num="117" count="4" type="cond" truecount="2" falsecount="0"/>
      <line num="118" count="1" type="stmt"/>
      <line num="120" count="3" type="stmt"/>
      <line num="121" count="3" type="stmt"/>
      <line num="123" count="3" type="cond" truecount="2" falsecount="0"/>
      <line num="124" count="1" type="stmt"/>
      <line num="126" count="2" type="stmt"/>
      <line num="127" count="2" type="stmt"/>
      <line num="131" count="3" type="cond" truecount="2" falsecount="0"/>
      <line num="132" count="2" type="stmt"/>
      <line num="133" count="2" type="stmt"/>
      <line num="135" count="1" type="stmt"/>
      <line num="136" count="1" type="stmt"/>
      <line num="146" count="42" type="cond" truecount="2" falsecount="0"/>
      <line num="147" count="41" type="stmt"/>
      <line num="149" count="1" type="stmt"/>
      <line num="159" count="42" type="stmt"/>
      <line num="160" count="42" type="stmt"/>
      <line num="161" count="42" type="cond" truecount="2" falsecount="0"/>
      <line num="162" count="2" type="cond" truecount="2" falsecount="0"/>
      <line num="164" count="40" type="cond" truecount="2" falsecount="0"/>
      <line num="165" count="1" type="stmt"/>
      <line num="167" count="39" type="stmt"/>
      <line num="168" count="39" type="stmt"/>
      <line num="170" count="2" type="stmt"/>
      <line num="180" count="2" type="stmt"/>
      <line num="184" count="1" type="stmt"/>
      <line num="188" count="1" type="stmt"/>
      <line num="192" count="1" type="stmt"/>
      <line num="196" count="1" type="stmt"/>
      <line num="200" count="1" type="stmt"/>
      <line num="204" count="1" type="stmt"/>
      <line num="208" count="2" type="stmt"/>
      <line num="212" count="2" type="cond" truecount="2" falsecount="0"/>
      <line num="213" count="2" type="cond" truecount="2" falsecount="0"/>
      <line num="214" count="2" type="stmt"/>
      <line num="218" count="1" type="stmt"/>
      <line num="222" count="6" type="stmt"/>
      <line num="228" count="1" type="stmt"/>
      <line num="232" count="1" type="stmt"/>
      <line num="238" count="3" type="stmt"/>
      <line num="242" count="3" type="stmt"/>
      <line num="246" count="1" type="stmt"/>
      <line num="250" count="3" type="stmt"/>
      <line num="254" count="1" type="stmt"/>
      <line num="258" count="1" type="stmt"/>
      <line num="264" count="1" type="stmt"/>
      <line num="268" count="1" type="stmt"/>
      <line num="276" count="1" type="stmt"/>
      <line num="283" count="1" type="stmt"/>
      <line num="286" count="1" type="stmt"/>
      <line num="296" count="2" type="stmt"/>
      <line num="303" count="2" type="cond" truecount="2" falsecount="0"/>
      <line num="304" count="2" type="stmt"/>
      <line num="310" count="1" type="stmt"/>
      <line num="314" count="1" type="stmt"/>
      <line num="318" count="1" type="stmt"/>
      <line num="322" count="1" type="stmt"/>
      <line num="326" count="1" type="stmt"/>
      <line num="349" count="2" type="stmt"/>
      <line num="350" count="2" type="cond" truecount="2" falsecount="0"/>
      <line num="351" count="2" type="cond" truecount="2" falsecount="0"/>
      <line num="352" count="2" type="stmt"/>
      <line num="356" count="2" type="stmt"/>
      <line num="363" count="2" type="stmt"/>
    </file>
    <file name="index.ts" path="/Users/yab/Projects/ml-sys/rs-tensor/sdk/typescript/src/index.ts">
      <metrics statements="1" coveredstatements="1" conditionals="0" coveredconditionals="0" methods="0" coveredmethods="0"/>
      <line num="2" count="1" type="stmt"/>
    </file>
  </project>
</coverage>
