{"/Users/yab/Projects/ml-sys/rs-tensor/sdk/typescript/src/client.ts": {"path":"/Users/yab/Projects/ml-sys/rs-tensor/sdk/typescript/src/client.ts","statementMap":{"0":{"start":{"line":45,"column":4},"end":{"line":45,"column":null}},"1":{"start":{"line":42,"column":20},"end":{"line":42,"column":null}},"2":{"start":{"line":46,"column":4},"end":{"line":46,"column":null}},"3":{"start":{"line":52,"column":8},"end":{"line":52,"column":54}},"4":{"start":{"line":54,"column":2},"end":{"line":54,"column":null}},"5":{"start":{"line":59,"column":14},"end":{"line":59,"column":51}},"6":{"start":{"line":60,"column":2},"end":{"line":65,"column":null}},"7":{"start":{"line":92,"column":26},"end":{"line":92,"column":28}},"8":{"start":{"line":93,"column":2},"end":{"line":95,"column":null}},"9":{"start":{"line":94,"column":4},"end":{"line":95,"column":null}},"10":{"start":{"line":95,"column":6},"end":{"line":95,"column":null}},"11":{"start":{"line":98,"column":2},"end":{"line":98,"column":null}},"12":{"start":{"line":103,"column":51},"end":{"line":103,"column":null}},"13":{"start":{"line":105,"column":25},"end":{"line":105,"column":null}},"14":{"start":{"line":108,"column":4},"end":{"line":108,"column":null}},"15":{"start":{"line":109,"column":4},"end":{"line":109,"column":null}},"16":{"start":{"line":110,"column":4},"end":{"line":110,"column":null}},"17":{"start":{"line":116,"column":4},"end":{"line":121,"column":null}},"18":{"start":{"line":117,"column":6},"end":{"line":118,"column":null}},"19":{"start":{"line":118,"column":8},"end":{"line":118,"column":null}},"20":{"start":{"line":120,"column":6},"end":{"line":120,"column":null}},"21":{"start":{"line":121,"column":6},"end":{"line":121,"column":null}},"22":{"start":{"line":123,"column":4},"end":{"line":124,"column":null}},"23":{"start":{"line":124,"column":6},"end":{"line":124,"column":null}},"24":{"start":{"line":126,"column":4},"end":{"line":126,"column":null}},"25":{"start":{"line":127,"column":4},"end":{"line":127,"column":null}},"26":{"start":{"line":131,"column":4},"end":{"line":133,"column":null}},"27":{"start":{"line":132,"column":6},"end":{"line":132,"column":null}},"28":{"start":{"line":133,"column":6},"end":{"line":133,"column":null}},"29":{"start":{"line":135,"column":4},"end":{"line":135,"column":null}},"30":{"start":{"line":136,"column":4},"end":{"line":136,"column":null}},"31":{"start":{"line":146,"column":4},"end":{"line":147,"column":null}},"32":{"start":{"line":147,"column":6},"end":{"line":147,"column":null}},"33":{"start":{"line":149,"column":4},"end":{"line":149,"column":null}},"34":{"start":{"line":159,"column":19},"end":{"line":159,"column":52}},"35":{"start":{"line":160,"column":17},"end":{"line":160,"column":51}},"36":{"start":{"line":161,"column":4},"end":{"line":162,"column":null}},"37":{"start":{"line":162,"column":6},"end":{"line":162,"column":null}},"38":{"start":{"line":164,"column":4},"end":{"line":165,"column":null}},"39":{"start":{"line":165,"column":6},"end":{"line":165,"column":null}},"40":{"start":{"line":167,"column":4},"end":{"line":173,"column":null}},"41":{"start":{"line":168,"column":6},"end":{"line":168,"column":null}},"42":{"start":{"line":170,"column":6},"end":{"line":173,"column":null}},"43":{"start":{"line":180,"column":4},"end":{"line":180,"column":null}},"44":{"start":{"line":184,"column":4},"end":{"line":184,"column":null}},"45":{"start":{"line":188,"column":4},"end":{"line":188,"column":null}},"46":{"start":{"line":192,"column":4},"end":{"line":192,"column":null}},"47":{"start":{"line":196,"column":4},"end":{"line":196,"column":null}},"48":{"start":{"line":200,"column":4},"end":{"line":200,"column":null}},"49":{"start":{"line":204,"column":4},"end":{"line":204,"column":null}},"50":{"start":{"line":208,"column":39},"end":{"line":211,"column":null}},"51":{"start":{"line":212,"column":4},"end":{"line":212,"column":null}},"52":{"start":{"line":212,"column":33},"end":{"line":212,"column":null}},"53":{"start":{"line":213,"column":4},"end":{"line":213,"column":null}},"54":{"start":{"line":213,"column":33},"end":{"line":213,"column":null}},"55":{"start":{"line":214,"column":4},"end":{"line":214,"column":null}},"56":{"start":{"line":218,"column":4},"end":{"line":218,"column":null}},"57":{"start":{"line":222,"column":4},"end":{"line":222,"column":null}},"58":{"start":{"line":228,"column":4},"end":{"line":228,"column":null}},"59":{"start":{"line":232,"column":4},"end":{"line":232,"column":null}},"60":{"start":{"line":238,"column":4},"end":{"line":238,"column":null}},"61":{"start":{"line":242,"column":4},"end":{"line":242,"column":null}},"62":{"start":{"line":246,"column":4},"end":{"line":246,"column":null}},"63":{"start":{"line":250,"column":4},"end":{"line":250,"column":null}},"64":{"start":{"line":254,"column":4},"end":{"line":254,"column":null}},"65":{"start":{"line":258,"column":4},"end":{"line":258,"column":null}},"66":{"start":{"line":264,"column":4},"end":{"line":264,"column":null}},"67":{"start":{"line":268,"column":4},"end":{"line":272,"column":null}},"68":{"start":{"line":276,"column":4},"end":{"line":279,"column":null}},"69":{"start":{"line":283,"column":4},"end":{"line":292,"column":null}},"70":{"start":{"line":286,"column":48},"end":{"line":291,"column":null}},"71":{"start":{"line":296,"column":39},"end":{"line":302,"column":null}},"72":{"start":{"line":303,"column":4},"end":{"line":303,"column":null}},"73":{"start":{"line":303,"column":32},"end":{"line":303,"column":null}},"74":{"start":{"line":304,"column":4},"end":{"line":304,"column":null}},"75":{"start":{"line":310,"column":4},"end":{"line":310,"column":null}},"76":{"start":{"line":314,"column":4},"end":{"line":314,"column":null}},"77":{"start":{"line":318,"column":4},"end":{"line":318,"column":null}},"78":{"start":{"line":322,"column":4},"end":{"line":322,"column":null}},"79":{"start":{"line":326,"column":4},"end":{"line":326,"column":null}},"80":{"start":{"line":349,"column":18},"end":{"line":349,"column":61}},"81":{"start":{"line":350,"column":15},"end":{"line":350,"column":null}},"82":{"start":{"line":351,"column":17},"end":{"line":351,"column":null}},"83":{"start":{"line":352,"column":15},"end":{"line":355,"column":4}},"84":{"start":{"line":356,"column":19},"end":{"line":362,"column":4}},"85":{"start":{"line":363,"column":2},"end":{"line":363,"column":null}}},"fnMap":{"0":{"name":"(anonymous_0)","decl":{"start":{"line":41,"column":2},"end":{"line":41,"column":null}},"loc":{"start":{"line":44,"column":4},"end":{"line":46,"column":null}},"line":44},"1":{"name":"defaultRsTensorRoot","decl":{"start":{"line":51,"column":16},"end":{"line":51,"column":46}},"loc":{"start":{"line":51,"column":46},"end":{"line":54,"column":null}},"line":51},"2":{"name":"defaultMcpStdioParams","decl":{"start":{"line":58,"column":16},"end":{"line":58,"column":38}},"loc":{"start":{"line":58,"column":84},"end":{"line":65,"column":null}},"line":58},"3":{"name":"extractTextContent","decl":{"start":{"line":89,"column":16},"end":{"line":89,"column":null}},"loc":{"start":{"line":91,"column":10},"end":{"line":98,"column":null}},"line":91},"4":{"name":"(anonymous_4)","decl":{"start":{"line":107,"column":2},"end":{"line":107,"column":14}},"loc":{"start":{"line":107,"column":51},"end":{"line":110,"column":null}},"line":107},"5":{"name":"(anonymous_5)","decl":{"start":{"line":115,"column":8},"end":{"line":115,"column":33}},"loc":{"start":{"line":115,"column":33},"end":{"line":127,"column":null}},"line":115},"6":{"name":"(anonymous_6)","decl":{"start":{"line":130,"column":8},"end":{"line":130,"column":31}},"loc":{"start":{"line":130,"column":31},"end":{"line":136,"column":null}},"line":130},"7":{"name":"(anonymous_7)","decl":{"start":{"line":139,"column":16},"end":{"line":139,"column":null}},"loc":{"start":{"line":145,"column":5},"end":{"line":149,"column":null}},"line":145},"8":{"name":"(anonymous_8)","decl":{"start":{"line":155,"column":16},"end":{"line":155,"column":null}},"loc":{"start":{"line":158,"column":16},"end":{"line":173,"column":null}},"line":158},"9":{"name":"(anonymous_9)","decl":{"start":{"line":179,"column":2},"end":{"line":179,"column":15}},"loc":{"start":{"line":179,"column":64},"end":{"line":180,"column":null}},"line":179},"10":{"name":"(anonymous_10)","decl":{"start":{"line":183,"column":2},"end":{"line":183,"column":12}},"loc":{"start":{"line":183,"column":63},"end":{"line":184,"column":null}},"line":183},"11":{"name":"(anonymous_11)","decl":{"start":{"line":187,"column":2},"end":{"line":187,"column":12}},"loc":{"start":{"line":187,"column":63},"end":{"line":188,"column":null}},"line":187},"12":{"name":"(anonymous_12)","decl":{"start":{"line":191,"column":2},"end":{"line":191,"column":15}},"loc":{"start":{"line":191,"column":64},"end":{"line":192,"column":null}},"line":191},"13":{"name":"(anonymous_13)","decl":{"start":{"line":195,"column":2},"end":{"line":195,"column":14}},"loc":{"start":{"line":195,"column":62},"end":{"line":196,"column":null}},"line":195},"14":{"name":"(anonymous_14)","decl":{"start":{"line":199,"column":2},"end":{"line":199,"column":12}},"loc":{"start":{"line":199,"column":58},"end":{"line":200,"column":null}},"line":199},"15":{"name":"(anonymous_15)","decl":{"start":{"line":203,"column":2},"end":{"line":203,"column":16}},"loc":{"start":{"line":203,"column":66},"end":{"line":204,"column":null}},"line":203},"16":{"name":"(anonymous_16)","decl":{"start":{"line":207,"column":2},"end":{"line":207,"column":18}},"loc":{"start":{"line":207,"column":70},"end":{"line":214,"column":null}},"line":207},"17":{"name":"(anonymous_17)","decl":{"start":{"line":217,"column":2},"end":{"line":217,"column":16}},"loc":{"start":{"line":217,"column":66},"end":{"line":218,"column":null}},"line":217},"18":{"name":"(anonymous_18)","decl":{"start":{"line":221,"column":2},"end":{"line":221,"column":40}},"loc":{"start":{"line":221,"column":40},"end":{"line":222,"column":null}},"line":221},"19":{"name":"(anonymous_19)","decl":{"start":{"line":227,"column":2},"end":{"line":227,"column":11}},"loc":{"start":{"line":227,"column":52},"end":{"line":228,"column":null}},"line":227},"20":{"name":"(anonymous_20)","decl":{"start":{"line":231,"column":2},"end":{"line":231,"column":12}},"loc":{"start":{"line":231,"column":54},"end":{"line":232,"column":null}},"line":231},"21":{"name":"(anonymous_21)","decl":{"start":{"line":237,"column":2},"end":{"line":237,"column":16}},"loc":{"start":{"line":237,"column":71},"end":{"line":238,"column":null}},"line":237},"22":{"name":"(anonymous_22)","decl":{"start":{"line":241,"column":2},"end":{"line":241,"column":10}},"loc":{"start":{"line":241,"column":53},"end":{"line":242,"column":null}},"line":241},"23":{"name":"(anonymous_23)","decl":{"start":{"line":245,"column":2},"end":{"line":245,"column":10}},"loc":{"start":{"line":245,"column":50},"end":{"line":246,"column":null}},"line":245},"24":{"name":"(anonymous_24)","decl":{"start":{"line":249,"column":2},"end":{"line":249,"column":11}},"loc":{"start":{"line":249,"column":56},"end":{"line":250,"column":null}},"line":249},"25":{"name":"(anonymous_25)","decl":{"start":{"line":253,"column":2},"end":{"line":253,"column":14}},"loc":{"start":{"line":253,"column":58},"end":{"line":254,"column":null}},"line":253},"26":{"name":"(anonymous_26)","decl":{"start":{"line":257,"column":2},"end":{"line":257,"column":13}},"loc":{"start":{"line":257,"column":56},"end":{"line":258,"column":null}},"line":257},"27":{"name":"(anonymous_27)","decl":{"start":{"line":263,"column":2},"end":{"line":263,"column":17}},"loc":{"start":{"line":263,"column":64},"end":{"line":264,"column":null}},"line":263},"28":{"name":"(anonymous_28)","decl":{"start":{"line":267,"column":2},"end":{"line":267,"column":15}},"loc":{"start":{"line":267,"column":60},"end":{"line":272,"column":null}},"line":267},"29":{"name":"(anonymous_29)","decl":{"start":{"line":275,"column":2},"end":{"line":275,"column":23}},"loc":{"start":{"line":275,"column":76},"end":{"line":279,"column":null}},"line":275},"30":{"name":"(anonymous_30)","decl":{"start":{"line":282,"column":2},"end":{"line":282,"column":13}},"loc":{"start":{"line":282,"column":56},"end":{"line":292,"column":null}},"line":282},"31":{"name":"(anonymous_31)","decl":{"start":{"line":286,"column":26},"end":{"line":286,"column":31}},"loc":{"start":{"line":286,"column":48},"end":{"line":291,"column":null}},"line":286},"32":{"name":"(anonymous_32)","decl":{"start":{"line":295,"column":2},"end":{"line":295,"column":19}},"loc":{"start":{"line":295,"column":68},"end":{"line":304,"column":null}},"line":295},"33":{"name":"(anonymous_33)","decl":{"start":{"line":309,"column":2},"end":{"line":309,"column":14}},"loc":{"start":{"line":309,"column":58},"end":{"line":310,"column":null}},"line":309},"34":{"name":"(anonymous_34)","decl":{"start":{"line":313,"column":2},"end":{"line":313,"column":17}},"loc":{"start":{"line":313,"column":64},"end":{"line":314,"column":null}},"line":313},"35":{"name":"(anonymous_35)","decl":{"start":{"line":317,"column":2},"end":{"line":317,"column":12}},"loc":{"start":{"line":317,"column":54},"end":{"line":318,"column":null}},"line":317},"36":{"name":"(anonymous_36)","decl":{"start":{"line":321,"column":2},"end":{"line":321,"column":16}},"loc":{"start":{"line":321,"column":62},"end":{"line":322,"column":null}},"line":321},"37":{"name":"(anonymous_37)","decl":{"start":{"line":325,"column":2},"end":{"line":325,"column":38}},"loc":{"start":{"line":325,"column":38},"end":{"line":326,"column":null}},"line":325},"38":{"name":"trainXorMlp","decl":{"start":{"line":341,"column":22},"end":{"line":341,"column":null}},"loc":{"start":{"line":348,"column":3},"end":{"line":363,"column":null}},"line":348}},"branchMap":{"0":{"loc":{"start":{"line":59,"column":14},"end":{"line":59,"column":51}},"type":"binary-expr","locations":[{"start":{"line":59,"column":14},"end":{"line":59,"column":30}},{"start":{"line":59,"column":30},"end":{"line":59,"column":51}}],"line":59},"1":{"loc":{"start":{"line":94,"column":4},"end":{"line":95,"column":null}},"type":"if","locations":[{"start":{"line":94,"column":4},"end":{"line":95,"column":null}},{"start":{},"end":{}}],"line":94},"2":{"loc":{"start":{"line":94,"column":8},"end":{"line":94,"column":65}},"type":"binary-expr","locations":[{"start":{"line":94,"column":8},"end":{"line":94,"column":33}},{"start":{"line":94,"column":33},"end":{"line":94,"column":65}}],"line":94},"3":{"loc":{"start":{"line":107,"column":14},"end":{"line":107,"column":49}},"type":"default-arg","locations":[{"start":{"line":107,"column":47},"end":{"line":107,"column":49}}],"line":107},"4":{"loc":{"start":{"line":109,"column":24},"end":{"line":109,"column":68}},"type":"binary-expr","locations":[{"start":{"line":109,"column":24},"end":{"line":109,"column":45}},{"start":{"line":109,"column":45},"end":{"line":109,"column":68}}],"line":109},"5":{"loc":{"start":{"line":110,"column":22},"end":{"line":110,"column":null}},"type":"binary-expr","locations":[{"start":{"line":110,"column":22},"end":{"line":110,"column":44}},{"start":{"line":110,"column":44},"end":{"line":110,"column":null}}],"line":110},"6":{"loc":{"start":{"line":116,"column":4},"end":{"line":121,"column":null}},"type":"if","locations":[{"start":{"line":116,"column":4},"end":{"line":121,"column":null}},{"start":{},"end":{}}],"line":116},"7":{"loc":{"start":{"line":117,"column":6},"end":{"line":118,"column":null}},"type":"if","locations":[{"start":{"line":117,"column":6},"end":{"line":118,"column":null}},{"start":{},"end":{}}],"line":117},"8":{"loc":{"start":{"line":123,"column":4},"end":{"line":124,"column":null}},"type":"if","locations":[{"start":{"line":123,"column":4},"end":{"line":124,"column":null}},{"start":{},"end":{}}],"line":123},"9":{"loc":{"start":{"line":131,"column":4},"end":{"line":133,"column":null}},"type":"if","locations":[{"start":{"line":131,"column":4},"end":{"line":133,"column":null}},{"start":{},"end":{}}],"line":131},"10":{"loc":{"start":{"line":146,"column":4},"end":{"line":147,"column":null}},"type":"if","locations":[{"start":{"line":146,"column":4},"end":{"line":147,"column":null}},{"start":{},"end":{}}],"line":146},"11":{"loc":{"start":{"line":161,"column":4},"end":{"line":162,"column":null}},"type":"if","locations":[{"start":{"line":161,"column":4},"end":{"line":162,"column":null}},{"start":{},"end":{}}],"line":161},"12":{"loc":{"start":{"line":162,"column":39},"end":{"line":162,"column":62}},"type":"binary-expr","locations":[{"start":{"line":162,"column":39},"end":{"line":162,"column":47}},{"start":{"line":162,"column":47},"end":{"line":162,"column":62}}],"line":162},"13":{"loc":{"start":{"line":164,"column":4},"end":{"line":165,"column":null}},"type":"if","locations":[{"start":{"line":164,"column":4},"end":{"line":165,"column":null}},{"start":{},"end":{}}],"line":164},"14":{"loc":{"start":{"line":212,"column":4},"end":{"line":212,"column":null}},"type":"if","locations":[{"start":{"line":212,"column":4},"end":{"line":212,"column":null}},{"start":{},"end":{}}],"line":212},"15":{"loc":{"start":{"line":213,"column":4},"end":{"line":213,"column":null}},"type":"if","locations":[{"start":{"line":213,"column":4},"end":{"line":213,"column":null}},{"start":{},"end":{}}],"line":213},"16":{"loc":{"start":{"line":303,"column":4},"end":{"line":303,"column":null}},"type":"if","locations":[{"start":{"line":303,"column":4},"end":{"line":303,"column":null}},{"start":{},"end":{}}],"line":303},"17":{"loc":{"start":{"line":343,"column":2},"end":{"line":343,"column":28}},"type":"default-arg","locations":[{"start":{"line":343,"column":26},"end":{"line":343,"column":28}}],"line":343},"18":{"loc":{"start":{"line":350,"column":15},"end":{"line":350,"column":null}},"type":"binary-expr","locations":[{"start":{"line":350,"column":15},"end":{"line":350,"column":31}},{"start":{"line":350,"column":31},"end":{"line":350,"column":null}}],"line":350},"19":{"loc":{"start":{"line":351,"column":17},"end":{"line":351,"column":null}},"type":"binary-expr","locations":[{"start":{"line":351,"column":17},"end":{"line":351,"column":32}},{"start":{"line":351,"column":32},"end":{"line":351,"column":null}}],"line":351},"20":{"loc":{"start":{"line":360,"column":8},"end":{"line":360,"column":null}},"type":"binary-expr","locations":[{"start":{"line":360,"column":8},"end":{"line":360,"column":19}},{"start":{"line":360,"column":19},"end":{"line":360,"column":null}}],"line":360},"21":{"loc":{"start":{"line":361,"column":12},"end":{"line":361,"column":null}},"type":"binary-expr","locations":[{"start":{"line":361,"column":12},"end":{"line":361,"column":27}},{"start":{"line":361,"column":27},"end":{"line":361,"column":null}}],"line":361}},"s":{"0":6,"1":6,"2":6,"3":42,"4":42,"5":41,"6":41,"7":45,"8":45,"9":46,"10":44,"11":45,"12":41,"13":41,"14":41,"15":41,"16":41,"17":7,"18":4,"19":1,"20":3,"21":3,"22":3,"23":1,"24":2,"25":2,"26":3,"27":2,"28":2,"29":1,"30":1,"31":42,"32":41,"33":1,"34":42,"35":42,"36":42,"37":2,"38":40,"39":1,"40":39,"41":39,"42":2,"43":2,"44":1,"45":1,"46":1,"47":1,"48":1,"49":1,"50":2,"51":2,"52":1,"53":2,"54":1,"55":2,"56":1,"57":6,"58":1,"59":1,"60":3,"61":3,"62":1,"63":3,"64":1,"65":1,"66":1,"67":1,"68":1,"69":1,"70":1,"71":2,"72":2,"73":1,"74":2,"75":1,"76":1,"77":1,"78":1,"79":1,"80":2,"81":2,"82":2,"83":2,"84":2,"85":2},"f":{"0":6,"1":42,"2":41,"3":45,"4":41,"5":7,"6":3,"7":42,"8":42,"9":2,"10":1,"11":1,"12":1,"13":1,"14":1,"15":1,"16":2,"17":1,"18":6,"19":1,"20":1,"21":3,"22":3,"23":1,"24":3,"25":1,"26":1,"27":1,"28":1,"29":1,"30":1,"31":1,"32":2,"33":1,"34":1,"35":1,"36":1,"37":1,"38":2},"b":{"0":[41,40],"1":[44,2],"2":[46,45],"3":[41],"4":[41,39],"5":[41,2],"6":[4,3],"7":[1,3],"8":[1,2],"9":[2,1],"10":[41,1],"11":[2,40],"12":[2,1],"13":[1,39],"14":[1,1],"15":[1,1],"16":[1,1],"17":[2],"18":[2,1],"19":[2,1],"20":[2,1],"21":[2,1]},"meta":{"lastBranch":22,"lastFunction":39,"lastStatement":86,"seen":{"f:41:2:41:Infinity":0,"s:45:4:45:Infinity":0,"s:42:20:42:Infinity":1,"s:46:4:46:Infinity":2,"f:51:16:51:46":1,"s:52:8:52:54":3,"s:54:2:54:Infinity":4,"f:58:16:58:38":2,"s:59:14:59:51":5,"b:59:14:59:30:59:30:59:51":0,"s:60:2:65:Infinity":6,"f:89:16:89:Infinity":3,"s:92:26:92:28":7,"s:93:2:95:Infinity":8,"b:94:4:95:Infinity:undefined:undefined:undefined:undefined":1,"s:94:4:95:Infinity":9,"b:94:8:94:33:94:33:94:65":2,"s:95:6:95:Infinity":10,"s:98:2:98:Infinity":11,"s:103:51:103:Infinity":12,"s:105:25:105:Infinity":13,"f:107:2:107:14":4,"b:107:47:107:49":3,"s:108:4:108:Infinity":14,"s:109:4:109:Infinity":15,"b:109:24:109:45:109:45:109:68":4,"s:110:4:110:Infinity":16,"b:110:22:110:44:110:44:110:Infinity":5,"f:115:8:115:33":5,"b:116:4:121:Infinity:undefined:undefined:undefined:undefined":6,"s:116:4:121:Infinity":17,"b:117:6:118:Infinity:undefined:undefined:undefined:undefined":7,"s:117:6:118:Infinity":18,"s:118:8:118:Infinity":19,"s:120:6:120:Infinity":20,"s:121:6:121:Infinity":21,"b:123:4:124:Infinity:undefined:undefined:undefined:undefined":8,"s:123:4:124:Infinity":22,"s:124:6:124:Infinity":23,"s:126:4:126:Infinity":24,"s:127:4:127:Infinity":25,"f:130:8:130:31":6,"b:131:4:133:Infinity:undefined:undefined:undefined:undefined":9,"s:131:4:133:Infinity":26,"s:132:6:132:Infinity":27,"s:133:6:133:Infinity":28,"s:135:4:135:Infinity":29,"s:136:4:136:Infinity":30,"f:139:16:139:Infinity":7,"b:146:4:147:Infinity:undefined:undefined:undefined:undefined":10,"s:146:4:147:Infinity":31,"s:147:6:147:Infinity":32,"s:149:4:149:Infinity":33,"f:155:16:155:Infinity":8,"s:159:19:159:52":34,"s:160:17:160:51":35,"b:161:4:162:Infinity:undefined:undefined:undefined:undefined":11,"s:161:4:162:Infinity":36,"s:162:6:162:Infinity":37,"b:162:39:162:47:162:47:162:62":12,"b:164:4:165:Infinity:undefined:undefined:undefined:undefined":13,"s:164:4:165:Infinity":38,"s:165:6:165:Infinity":39,"s:167:4:173:Infinity":40,"s:168:6:168:Infinity":41,"s:170:6:173:Infinity":42,"f:179:2:179:15":9,"s:180:4:180:Infinity":43,"f:183:2:183:12":10,"s:184:4:184:Infinity":44,"f:187:2:187:12":11,"s:188:4:188:Infinity":45,"f:191:2:191:15":12,"s:192:4:192:Infinity":46,"f:195:2:195:14":13,"s:196:4:196:Infinity":47,"f:199:2:199:12":14,"s:200:4:200:Infinity":48,"f:203:2:203:16":15,"s:204:4:204:Infinity":49,"f:207:2:207:18":16,"s:208:39:211:Infinity":50,"b:212:4:212:Infinity:undefined:undefined:undefined:undefined":14,"s:212:4:212:Infinity":51,"s:212:33:212:Infinity":52,"b:213:4:213:Infinity:undefined:undefined:undefined:undefined":15,"s:213:4:213:Infinity":53,"s:213:33:213:Infinity":54,"s:214:4:214:Infinity":55,"f:217:2:217:16":17,"s:218:4:218:Infinity":56,"f:221:2:221:40":18,"s:222:4:222:Infinity":57,"f:227:2:227:11":19,"s:228:4:228:Infinity":58,"f:231:2:231:12":20,"s:232:4:232:Infinity":59,"f:237:2:237:16":21,"s:238:4:238:Infinity":60,"f:241:2:241:10":22,"s:242:4:242:Infinity":61,"f:245:2:245:10":23,"s:246:4:246:Infinity":62,"f:249:2:249:11":24,"s:250:4:250:Infinity":63,"f:253:2:253:14":25,"s:254:4:254:Infinity":64,"f:257:2:257:13":26,"s:258:4:258:Infinity":65,"f:263:2:263:17":27,"s:264:4:264:Infinity":66,"f:267:2:267:15":28,"s:268:4:272:Infinity":67,"f:275:2:275:23":29,"s:276:4:279:Infinity":68,"f:282:2:282:13":30,"s:283:4:292:Infinity":69,"f:286:26:286:31":31,"s:286:48:291:Infinity":70,"f:295:2:295:19":32,"s:296:39:302:Infinity":71,"b:303:4:303:Infinity:undefined:undefined:undefined:undefined":16,"s:303:4:303:Infinity":72,"s:303:32:303:Infinity":73,"s:304:4:304:Infinity":74,"f:309:2:309:14":33,"s:310:4:310:Infinity":75,"f:313:2:313:17":34,"s:314:4:314:Infinity":76,"f:317:2:317:12":35,"s:318:4:318:Infinity":77,"f:321:2:321:16":36,"s:322:4:322:Infinity":78,"f:325:2:325:38":37,"s:326:4:326:Infinity":79,"f:341:22:341:Infinity":38,"b:343:26:343:28":17,"s:349:18:349:61":80,"s:350:15:350:Infinity":81,"b:350:15:350:31:350:31:350:Infinity":18,"s:351:17:351:Infinity":82,"b:351:17:351:32:351:32:351:Infinity":19,"s:352:15:355:4":83,"s:356:19:362:4":84,"b:360:8:360:19:360:19:360:Infinity":20,"b:361:12:361:27:361:27:361:Infinity":21,"s:363:2:363:Infinity":85}}}
,"/Users/yab/Projects/ml-sys/rs-tensor/sdk/typescript/src/index.ts": {"path":"/Users/yab/Projects/ml-sys/rs-tensor/sdk/typescript/src/index.ts","statementMap":{"0":{"start":{"line":2,"column":37},"end":{"line":2,"column":null}}},"fnMap":{},"branchMap":{},"s":{"0":1},"f":{},"b":{},"meta":{"lastBranch":0,"lastFunction":0,"lastStatement":1,"seen":{"s:2:37:2:Infinity":0}}}
}
